[I 2026-07-08 11:58:03,994] Using an existing study with name 'gnn_radiation_study' instead of creating a new one.
[I 2026-07-08 12:17:24,214] Trial 68 finished with value: 0.017265077309807142 and parameters: {'model_type': 'SAGE', 'num_layers': 5, 'hidden_dim': 512, 'lr': 0.0026439185730221643, 'dropout': 0.02829004401651968}. Best is trial 66 with value: 0.01601305772198571.
[I 2026-07-08 12:26:36,713] Trial 69 pruned. 
[I 2026-07-08 12:45:05,925] Trial 70 finished with value: 0.01632706303033564 and parameters: {'model_type': 'SAGE', 'num_layers': 5, 'hidden_dim': 512, 'lr': 0.0015435768771460269, 'dropout': 0.013180055388680167}. Best is trial 66 with value: 0.01601305772198571.
[I 2026-07-08 12:46:21,910] Trial 71 pruned. 
[I 2026-07-08 13:04:45,690] Trial 72 finished with value: 0.016492757547895115 and parameters: {'model_type': 'SAGE', 'num_layers': 5, 'hidden_dim': 512, 'lr': 0.001614003561722038, 'dropout': 0.012379227079813704}. Best is trial 66 with value: 0.01601305772198571.
[I 2026-07-08 13:23:28,133] Trial 73 finished with value: 0.017034327149722313 and parameters: {'model_type': 'SAGE', 'num_layers': 5, 'hidden_dim': 512, 'lr': 0.00150175916294538, 'dropout': 0.031650357997073296}. Best is trial 66 with value: 0.01601305772198571.
[I 2026-07-08 13:40:34,761] Trial 74 finished with value: 0.016720802239576976 and parameters: {'model_type': 'SAGE', 'num_layers': 5, 'hidden_dim': 512, 'lr': 0.002131750249136871, 'dropout': 0.010229566019333029}. Best is trial 66 with value: 0.01601305772198571.
[I 2026-07-08 13:58:06,986] Trial 75 finished with value: 0.017275334584712983 and parameters: {'model_type': 'SAGE', 'num_layers': 5, 'hidden_dim': 512, 'lr': 0.0013623936000805039, 'dropout': 0.05289711352843736}. Best is trial 66 with value: 0.01601305772198571.
[I 2026-07-08 14:16:01,078] Trial 76 finished with value: 0.016477042246196005 and parameters: {'model_type': 'SAGE', 'num_layers': 5, 'hidden_dim': 512, 'lr': 0.0017609820191005461, 'dropout': 0.013536042882105177}. Best is trial 66 with value: 0.01601305772198571.
[I 2026-07-08 14:35:26,637] Trial 77 finished with value: 0.01673023702171114 and parameters: {'model_type': 'SAGE', 'num_layers': 5, 'hidden_dim': 512, 'lr': 0.001713332655309696, 'dropout': 0.01611813154398712}. Best is trial 66 with value: 0.01601305772198571.
[I 2026-07-08 14:52:54,259] Trial 78 finished with value: 0.017083515234125986 and parameters: {'model_type': 'SAGE', 'num_layers': 5, 'hidden_dim': 512, 'lr': 0.0021328095460421536, 'dropout': 0.02730379427630165}. Best is trial 66 with value: 0.01601305772198571.
[I 2026-07-08 15:10:25,433] Trial 79 finished with value: 0.017176475206679767 and parameters: {'model_type': 'SAGE', 'num_layers': 5, 'hidden_dim': 512, 'lr': 0.0018801504198217816, 'dropout': 0.0402499027803303}. Best is trial 66 with value: 0.01601305772198571.
[I 2026-07-08 15:27:54,944] Trial 80 finished with value: 0.01732252186304993 and parameters: {'model_type': 'SAGE', 'num_layers': 5, 'hidden_dim': 512, 'lr': 0.0014961421568757656, 'dropout': 0.06237855574320704}. Best is trial 66 with value: 0.01601305772198571.
[I 2026-07-08 15:29:03,378] Trial 81 pruned. 
[I 2026-07-08 15:46:13,528] Trial 82 finished with value: 0.016744887822204166 and parameters: {'model_type': 'SAGE', 'num_layers': 5, 'hidden_dim': 512, 'lr': 0.0016620367755541393, 'dropout': 0.013141059718523921}. Best is trial 66 with value: 0.01601305772198571.
[I 2026-07-08 16:06:22,002] Trial 83 finished with value: 0.016464915479222932 and parameters: {'model_type': 'SAGE', 'num_layers': 5, 'hidden_dim': 512, 'lr': 0.0024546219357814212, 'dropout': 0.01363456353312745}. Best is trial 66 with value: 0.01601305772198571.
[I 2026-07-08 16:27:06,894] Trial 84 finished with value: 0.01639086839324898 and parameters: {'model_type': 'SAGE', 'num_layers': 5, 'hidden_dim': 512, 'lr': 0.0023260146324534043, 'dropout': 0.011004715010299967}. Best is trial 66 with value: 0.01601305772198571.
[I 2026-07-08 16:45:27,404] Trial 85 finished with value: 0.0172195986992783 and parameters: {'model_type': 'SAGE', 'num_layers': 5, 'hidden_dim': 512, 'lr': 0.002302210608066386, 'dropout': 0.02644092019341649}. Best is trial 66 with value: 0.01601305772198571.
[I 2026-07-08 16:58:00,242] Trial 86 pruned. 
[I 2026-07-08 17:15:47,766] Trial 87 finished with value: 0.01641128666963842 and parameters: {'model_type': 'SAGE', 'num_layers': 5, 'hidden_dim': 512, 'lr': 0.001399168300150664, 'dropout': 0.011721289271325012}. Best is trial 66 with value: 0.01601305772198571.
[I 2026-07-08 17:16:40,739] Trial 88 pruned. 
[I 2026-07-08 17:17:45,762] Trial 89 pruned. 
[I 2026-07-08 17:33:56,375] Trial 90 pruned. 
[I 2026-07-08 17:35:07,106] Trial 91 pruned. 
[I 2026-07-08 17:53:03,775] Trial 92 finished with value: 0.016470849285854235 and parameters: {'model_type': 'SAGE', 'num_layers': 5, 'hidden_dim': 512, 'lr': 0.0019972730538052852, 'dropout': 0.01056826175021624}. Best is trial 66 with value: 0.01601305772198571.
[I 2026-07-08 18:10:56,493] Trial 93 finished with value: 0.016221693788634407 and parameters: {'model_type': 'SAGE', 'num_layers': 5, 'hidden_dim': 512, 'lr': 0.002019687944578432, 'dropout': 0.011268451902242045}. Best is trial 66 with value: 0.01601305772198571.
[I 2026-07-08 18:28:11,658] Trial 94 finished with value: 0.01645429450770219 and parameters: {'model_type': 'SAGE', 'num_layers': 5, 'hidden_dim': 512, 'lr': 0.0015703237367240544, 'dropout': 0.01144004282876556}. Best is trial 66 with value: 0.01601305772198571.
[I 2026-07-08 18:45:35,935] Trial 95 finished with value: 0.016758307194047504 and parameters: {'model_type': 'SAGE', 'num_layers': 5, 'hidden_dim': 512, 'lr': 0.0020014127327681523, 'dropout': 0.019949967296022324}. Best is trial 66 with value: 0.01601305772198571.
[I 2026-07-08 19:03:13,643] Trial 96 finished with value: 0.016975679479042688 and parameters: {'model_type': 'SAGE', 'num_layers': 5, 'hidden_dim': 512, 'lr': 0.0015373141846126883, 'dropout': 0.034020363796991936}. Best is trial 66 with value: 0.01601305772198571.
[I 2026-07-08 19:19:07,772] Trial 97 finished with value: 0.01657552546262741 and parameters: {'model_type': 'SAGE', 'num_layers': 5, 'hidden_dim': 512, 'lr': 0.0012244996546988012, 'dropout': 0.009777736524793183}. Best is trial 66 with value: 0.01601305772198571.
[I 2026-07-08 19:31:01,603] Trial 98 pruned. 
